<?xml version="1.0" encoding="UTF-8"?>
<!-- Generated by org.testng.reporters.JUnitReportReporter -->
<testsuite skipped="0" hostname="DESKTOP-EAC6D0I" name="MountainGearTests.Title" tests="1" failures="0" timestamp="19 Jun 2020 13:58:51 GMT" time="0.840" errors="0">
  <testcase name="verifyPageTitle" time="0.840" classname="MountainGearTests.Title"/>
</testsuite> <!-- MountainGearTests.Title -->
