<?xml version="1.0" encoding="UTF-8"?>
<!-- Generated by org.testng.reporters.JUnitReportReporter -->
<testsuite skipped="0" hostname="DESKTOP-EAC6D0I" name="MountainGearTests.Login" tests="1" failures="0" timestamp="19 Jun 2020 13:58:51 GMT" time="20.827" errors="0">
  <testcase name="Login" time="20.827" classname="MountainGearTests.Login"/>
</testsuite> <!-- MountainGearTests.Login -->
